TN:
SF:src\database\init.ts
FN:18,initializeDatabase
FN:29,(anonymous_2)
FN:43,seedDemoData
FN:117,resetDatabase
FNF:4
FNH:4
FNDA:18,initializeDatabase
FNDA:126,(anonymous_2)
FNDA:66,seedDemoData
FNDA:7,resetDatabase
DA:5,6
DA:6,6
DA:13,6
DA:18,6
DA:19,18
DA:20,18
DA:23,18
DA:24,18
DA:25,18
DA:26,18
DA:29,126
DA:31,18
DA:43,6
DA:44,66
DA:45,66
DA:48,66
DA:49,66
DA:50,1
DA:51,1
DA:55,65
DA:56,65
DA:62,65
DA:68,65
DA:69,195
DA:70,195
DA:77,65
DA:90,65
DA:91,65
DA:92,650
DA:93,1040
DA:94,1040
DA:99,1040
DA:103,65
DA:104,65
DA:105,65
DA:117,6
DA:118,7
DA:119,7
DA:120,7
DA:121,7
DA:122,7
DA:123,7
DA:124,7
LF:43
LH:43
BRDA:49,0,0,1
BRF:1
BRH:1
end_of_record
TN:
SF:src\database\schema.ts
FNF:0
FNH:0
DA:5,6
DA:15,6
DA:25,6
DA:38,6
DA:48,6
LF:5
LH:5
BRF:0
BRH:0
end_of_record
TN:
SF:src\middleware\auth.ts
FN:20,authenticate
FN:71,requireAdmin
FNF:2
FNH:2
FNDA:57,authenticate
FNDA:13,requireAdmin
DA:6,5
DA:20,5
DA:21,57
DA:23,57
DA:24,7
DA:30,50
DA:32,50
DA:43,50
DA:44,1
DA:51,49
DA:56,49
DA:71,5
DA:72,13
DA:73,3
DA:78,10
LF:15
LH:15
BRDA:23,0,0,7
BRDA:43,1,0,1
BRDA:72,2,0,3
BRF:3
BRH:3
end_of_record
TN:
SF:src\routes\auth.ts
FN:17,(anonymous_1)
FN:82,(anonymous_2)
FN:155,(anonymous_3)
FNF:3
FNH:3
FNDA:8,(anonymous_1)
FNDA:117,(anonymous_2)
FNDA:2,(anonymous_3)
DA:5,5
DA:6,5
DA:7,5
DA:9,5
DA:11,5
DA:17,5
DA:18,8
DA:21,8
DA:22,2
DA:28,6
DA:29,2
DA:35,4
DA:36,1
DA:42,3
DA:44,3
DA:46,3
DA:47,1
DA:54,2
DA:57,2
DA:62,2
DA:82,5
DA:83,117
DA:86,117
DA:87,2
DA:93,115
DA:95,115
DA:99,115
DA:100,1
DA:107,114
DA:109,114
DA:110,1
DA:117,113
DA:118,113
DA:119,113
DA:121,113
DA:126,113
DA:132,113
DA:155,5
DA:156,2
DA:158,2
DA:159,1
DA:160,1
DA:167,2
DA:169,2
DA:175,5
LF:45
LH:45
BRDA:21,0,0,2
BRDA:21,1,0,8
BRDA:21,1,1,7
BRDA:28,2,0,2
BRDA:28,3,0,6
BRDA:28,3,1,5
BRDA:35,4,0,1
BRDA:46,5,0,1
BRDA:86,6,0,2
BRDA:86,7,0,117
BRDA:86,7,1,116
BRDA:99,8,0,1
BRDA:109,9,0,1
BRDA:158,10,0,1
BRF:14
BRH:14
end_of_record
TN:
SF:src\routes\books.ts
FN:16,(anonymous_0)
FN:43,(anonymous_1)
FN:115,(anonymous_2)
FNF:3
FNH:3
FNDA:2,(anonymous_0)
FNDA:7,(anonymous_1)
FNDA:3,(anonymous_2)
DA:5,5
DA:6,5
DA:8,5
DA:10,5
DA:16,5
DA:17,2
DA:18,2
DA:20,2
DA:39,5
DA:44,7
DA:47,7
DA:48,2
DA:54,5
DA:55,2
DA:61,3
DA:63,3
DA:67,3
DA:68,3
DA:69,3
DA:70,3
DA:73,3
DA:76,3
DA:80,3
DA:81,5
DA:82,5
DA:83,5
DA:86,3
DA:111,5
DA:116,3
DA:118,3
DA:120,3
DA:122,3
DA:123,1
DA:130,2
DA:134,2
DA:135,1
DA:142,1
DA:144,1
DA:161,5
LF:39
LH:39
BRDA:44,0,0,4
BRDA:47,1,0,2
BRDA:47,2,0,7
BRDA:47,2,1,6
BRDA:54,3,0,2
BRDA:54,4,0,5
BRDA:54,4,1,4
BRDA:68,5,0,3
BRDA:122,6,0,1
BRDA:134,7,0,1
BRF:10
BRH:10
end_of_record
TN:
SF:src\routes\loans.ts
FN:19,(anonymous_0)
FN:112,(anonymous_1)
FNF:2
FNH:2
FNDA:23,(anonymous_0)
FNDA:6,(anonymous_1)
DA:5,5
DA:6,5
DA:8,5
DA:10,5
DA:16,5
DA:20,23
DA:23,23
DA:24,2
DA:31,21
DA:32,1
DA:38,20
DA:40,20
DA:42,20
DA:43,1
DA:50,19
DA:54,19
DA:55,1
DA:62,18
DA:68,18
DA:69,1
DA:76,17
DA:77,17
DA:80,17
DA:84,17
DA:109,5
DA:113,6
DA:116,6
DA:117,2
DA:124,4
DA:125,1
DA:131,3
DA:133,3
DA:139,3
DA:140,1
DA:147,2
DA:151,2
DA:171,5
LF:37
LH:37
BRDA:23,0,0,2
BRDA:23,1,0,23
BRDA:23,1,1,22
BRDA:31,2,0,1
BRDA:31,3,0,21
BRDA:31,3,1,2
BRDA:42,4,0,1
BRDA:54,5,0,1
BRDA:68,6,0,1
BRDA:116,7,0,2
BRDA:116,8,0,6
BRDA:116,8,1,5
BRDA:124,9,0,1
BRDA:124,10,0,4
BRDA:124,10,1,2
BRDA:139,11,0,1
BRF:16
BRH:16
end_of_record
TN:
SF:src\routes\status.ts
FN:19,(anonymous_0)
FN:62,(anonymous_1)
FN:95,(anonymous_2)
FNF:3
FNH:3
FNDA:4,(anonymous_0)
FNDA:2,(anonymous_1)
FNDA:3,(anonymous_2)
DA:5,5
DA:6,5
DA:8,5
DA:10,5
DA:16,5
DA:20,4
DA:23,4
DA:24,1
DA:30,3
DA:32,3
DA:60,3
DA:62,2
DA:72,3
DA:92,5
DA:96,3
DA:98,3
DA:100,3
DA:104,3
DA:105,1
DA:112,2
DA:124,2
DA:136,2
DA:152,5
LF:23
LH:23
BRDA:23,0,0,1
BRDA:23,1,0,4
BRDA:23,1,1,2
BRDA:104,2,0,1
BRDA:129,3,0,2
BRDA:129,3,1,1
BRF:6
BRH:6
end_of_record
